
-----------------
DIRB v2.22    
By The Dark Raver
-----------------

OUTPUT_FILE: dirb.sync.output
START_TIME: Wed Feb 14 17:26:03 2018
URL_BASE: http://10.10.10.69/sync/
WORDLIST_FILES: /usr/share/dirb/wordlists/common.txt
OPTION: Not Stoping on warning messages

-----------------

GENERATED WORDS: 4612

---- Scanning URL: http://10.10.10.69/sync/ ----
(!) WARNING: All responses for this directory seem to be CODE = 403.
    (Use mode '-w' if you want to scan it anyway)
(!) WARNING: All responses for this directory seem to be CODE = 403.
    (Use mode '-w' if you want to scan it anyway)
(!) WARNING: All responses for this directory seem to be CODE = 403.
    (Use mode '-w' if you want to scan it anyway)
(!) WARNING: All responses for this directory seem to be CODE = 403.
    (Use mode '-w' if you want to scan it anyway)
(!) WARNING: All responses for this directory seem to be CODE = 403.
    (Use mode '-w' if you want to scan it anyway)

-----------------
DIRB v2.22    
By The Dark Raver
-----------------

OUTPUT_FILE: dirb.sync.output
START_TIME: Wed Feb 14 17:28:07 2018
URL_BASE: http://10.10.10.69/sync/
WORDLIST_FILES: /home/enigma/Documents/SecLists/Discovery/Web_Content/raft-large-directories.txt
OPTION: Not Stoping on warning messages

-----------------

GENERATED WORDS: 62248

---- Scanning URL: http://10.10.10.69/sync/ ----
(!) WARNING: All responses for this directory seem to be CODE = 403.
    (Use mode '-w' if you want to scan it anyway)
(!) WARNING: All responses for this directory seem to be CODE = 403.
    (Use mode '-w' if you want to scan it anyway)
(!) WARNING: All responses for this directory seem to be CODE = 403.
    (Use mode '-w' if you want to scan it anyway)
(!) WARNING: All responses for this directory seem to be CODE = 403.
    (Use mode '-w' if you want to scan it anyway)
(!) WARNING: All responses for this directory seem to be CODE = 403.
    (Use mode '-w' if you want to scan it anyway)
(!) WARNING: All responses for this directory seem to be CODE = 403.
    (Use mode '-w' if you want to scan it anyway)
(!) WARNING: All responses for this directory seem to be CODE = 403.
    (Use mode '-w' if you want to scan it anyway)
(!) WARNING: All responses for this directory seem to be CODE = 403.
    (Use mode '-w' if you want to scan it anyway)
(!) WARNING: All responses for this directory seem to be CODE = 403.
    (Use mode '-w' if you want to scan it anyway)
(!) WARNING: All responses for this directory seem to be CODE = 403.
    (Use mode '-w' if you want to scan it anyway)
(!) WARNING: All responses for this directory seem to be CODE = 403.
    (Use mode '-w' if you want to scan it anyway)
(!) WARNING: All responses for this directory seem to be CODE = 403.
    (Use mode '-w' if you want to scan it anyway)
(!) WARNING: All responses for this directory seem to be CODE = 403.
    (Use mode '-w' if you want to scan it anyway)
(!) WARNING: All responses for this directory seem to be CODE = 403.
    (Use mode '-w' if you want to scan it anyway)
(!) WARNING: All responses for this directory seem to be CODE = 403.
    (Use mode '-w' if you want to scan it anyway)
(!) WARNING: All responses for this directory seem to be CODE = 403.
    (Use mode '-w' if you want to scan it anyway)
(!) WARNING: All responses for this directory seem to be CODE = 403.
    (Use mode '-w' if you want to scan it anyway)
(!) WARNING: All responses for this directory seem to be CODE = 403.
    (Use mode '-w' if you want to scan it anyway)
(!) WARNING: All responses for this directory seem to be CODE = 403.
    (Use mode '-w' if you want to scan it anyway)
(!) WARNING: All responses for this directory seem to be CODE = 403.
    (Use mode '-w' if you want to scan it anyway)
(!) WARNING: All responses for this directory seem to be CODE = 403.
    (Use mode '-w' if you want to scan it anyway)
(!) WARNING: All responses for this directory seem to be CODE = 403.
    (Use mode '-w' if you want to scan it anyway)
(!) WARNING: All responses for this directory seem to be CODE = 403.
    (Use mode '-w' if you want to scan it anyway)
(!) WARNING: All responses for this directory seem to be CODE = 403.
    (Use mode '-w' if you want to scan it anyway)
(!) WARNING: All responses for this directory seem to be CODE = 403.
    (Use mode '-w' if you want to scan it anyway)
(!) WARNING: All responses for this directory seem to be CODE = 403.
    (Use mode '-w' if you want to scan it anyway)
(!) WARNING: All responses for this directory seem to be CODE = 403.
    (Use mode '-w' if you want to scan it anyway)
(!) WARNING: All responses for this directory seem to be CODE = 403.
    (Use mode '-w' if you want to scan it anyway)
(!) WARNING: All responses for this directory seem to be CODE = 403.
    (Use mode '-w' if you want to scan it anyway)
(!) WARNING: All responses for this directory seem to be CODE = 403.
    (Use mode '-w' if you want to scan it anyway)
(!) WARNING: All responses for this directory seem to be CODE = 403.
    (Use mode '-w' if you want to scan it anyway)
(!) WARNING: All responses for this directory seem to be CODE = 403.
    (Use mode '-w' if you want to scan it anyway)
(!) WARNING: All responses for this directory seem to be CODE = 403.
    (Use mode '-w' if you want to scan it anyway)
(!) WARNING: All responses for this directory seem to be CODE = 403.
    (Use mode '-w' if you want to scan it anyway)
(!) WARNING: All responses for this directory seem to be CODE = 403.
    (Use mode '-w' if you want to scan it anyway)
(!) WARNING: All responses for this directory seem to be CODE = 403.
    (Use mode '-w' if you want to scan it anyway)
(!) WARNING: All responses for this directory seem to be CODE = 403.
    (Use mode '-w' if you want to scan it anyway)
(!) WARNING: All responses for this directory seem to be CODE = 403.
    (Use mode '-w' if you want to scan it anyway)
(!) WARNING: All responses for this directory seem to be CODE = 403.
    (Use mode '-w' if you want to scan it anyway)
(!) WARNING: All responses for this directory seem to be CODE = 403.
    (Use mode '-w' if you want to scan it anyway)
(!) WARNING: All responses for this directory seem to be CODE = 403.
    (Use mode '-w' if you want to scan it anyway)
(!) WARNING: All responses for this directory seem to be CODE = 403.
    (Use mode '-w' if you want to scan it anyway)
(!) WARNING: All responses for this directory seem to be CODE = 403.
    (Use mode '-w' if you want to scan it anyway)
(!) WARNING: All responses for this directory seem to be CODE = 403.
    (Use mode '-w' if you want to scan it anyway)
(!) WARNING: All responses for this directory seem to be CODE = 403.
    (Use mode '-w' if you want to scan it anyway)
(!) WARNING: All responses for this directory seem to be CODE = 403.
    (Use mode '-w' if you want to scan it anyway)
(!) WARNING: All responses for this directory seem to be CODE = 403.
    (Use mode '-w' if you want to scan it anyway)
(!) WARNING: All responses for this directory seem to be CODE = 403.
    (Use mode '-w' if you want to scan it anyway)
(!) WARNING: All responses for this directory seem to be CODE = 403.
    (Use mode '-w' if you want to scan it anyway)
(!) WARNING: All responses for this directory seem to be CODE = 403.
    (Use mode '-w' if you want to scan it anyway)
(!) WARNING: All responses for this directory seem to be CODE = 403.
    (Use mode '-w' if you want to scan it anyway)
(!) WARNING: All responses for this directory seem to be CODE = 403.
    (Use mode '-w' if you want to scan it anyway)
(!) WARNING: All responses for this directory seem to be CODE = 403.
    (Use mode '-w' if you want to scan it anyway)
(!) WARNING: All responses for this directory seem to be CODE = 403.
    (Use mode '-w' if you want to scan it anyway)
(!) WARNING: All responses for this directory seem to be CODE = 403.
    (Use mode '-w' if you want to scan it anyway)
(!) WARNING: All responses for this directory seem to be CODE = 403.
    (Use mode '-w' if you want to scan it anyway)
(!) WARNING: All responses for this directory seem to be CODE = 403.
    (Use mode '-w' if you want to scan it anyway)
(!) WARNING: All responses for this directory seem to be CODE = 403.
    (Use mode '-w' if you want to scan it anyway)
(!) WARNING: All responses for this directory seem to be CODE = 403.
    (Use mode '-w' if you want to scan it anyway)
(!) WARNING: All responses for this directory seem to be CODE = 403.
    (Use mode '-w' if you want to scan it anyway)
(!) WARNING: All responses for this directory seem to be CODE = 403.
    (Use mode '-w' if you want to scan it anyway)
(!) WARNING: All responses for this directory seem to be CODE = 403.
    (Use mode '-w' if you want to scan it anyway)
(!) WARNING: All responses for this directory seem to be CODE = 403.
    (Use mode '-w' if you want to scan it anyway)
(!) WARNING: All responses for this directory seem to be CODE = 403.
    (Use mode '-w' if you want to scan it anyway)
(!) WARNING: All responses for this directory seem to be CODE = 403.
    (Use mode '-w' if you want to scan it anyway)
(!) WARNING: All responses for this directory seem to be CODE = 403.
    (Use mode '-w' if you want to scan it anyway)
(!) WARNING: All responses for this directory seem to be CODE = 403.
    (Use mode '-w' if you want to scan it anyway)
(!) WARNING: All responses for this directory seem to be CODE = 403.
    (Use mode '-w' if you want to scan it anyway)
(!) WARNING: All responses for this directory seem to be CODE = 403.
    (Use mode '-w' if you want to scan it anyway)
(!) WARNING: All responses for this directory seem to be CODE = 403.
    (Use mode '-w' if you want to scan it anyway)
(!) WARNING: All responses for this directory seem to be CODE = 403.
    (Use mode '-w' if you want to scan it anyway)
(!) WARNING: All responses for this directory seem to be CODE = 403.
    (Use mode '-w' if you want to scan it anyway)
(!) WARNING: All responses for this directory seem to be CODE = 403.
    (Use mode '-w' if you want to scan it anyway)
(!) WARNING: All responses for this directory seem to be CODE = 403.
    (Use mode '-w' if you want to scan it anyway)
(!) WARNING: All responses for this directory seem to be CODE = 403.
    (Use mode '-w' if you want to scan it anyway)
(!) WARNING: All responses for this directory seem to be CODE = 403.
    (Use mode '-w' if you want to scan it anyway)
(!) WARNING: All responses for this directory seem to be CODE = 403.
    (Use mode '-w' if you want to scan it anyway)
(!) WARNING: All responses for this directory seem to be CODE = 403.
    (Use mode '-w' if you want to scan it anyway)
(!) WARNING: All responses for this directory seem to be CODE = 403.
    (Use mode '-w' if you want to scan it anyway)
(!) WARNING: All responses for this directory seem to be CODE = 403.
    (Use mode '-w' if you want to scan it anyway)
(!) WARNING: All responses for this directory seem to be CODE = 403.
    (Use mode '-w' if you want to scan it anyway)
(!) WARNING: All responses for this directory seem to be CODE = 403.
    (Use mode '-w' if you want to scan it anyway)
(!) WARNING: All responses for this directory seem to be CODE = 403.
    (Use mode '-w' if you want to scan it anyway)
(!) WARNING: All responses for this directory seem to be CODE = 403.
    (Use mode '-w' if you want to scan it anyway)
(!) WARNING: All responses for this directory seem to be CODE = 403.
    (Use mode '-w' if you want to scan it anyway)
(!) WARNING: All responses for this directory seem to be CODE = 403.
    (Use mode '-w' if you want to scan it anyway)
(!) WARNING: All responses for this directory seem to be CODE = 403.
    (Use mode '-w' if you want to scan it anyway)
(!) WARNING: All responses for this directory seem to be CODE = 403.
    (Use mode '-w' if you want to scan it anyway)
(!) WARNING: All responses for this directory seem to be CODE = 403.
    (Use mode '-w' if you want to scan it anyway)
(!) WARNING: All responses for this directory seem to be CODE = 403.
    (Use mode '-w' if you want to scan it anyway)
(!) WARNING: All responses for this directory seem to be CODE = 403.
    (Use mode '-w' if you want to scan it anyway)
(!) WARNING: All responses for this directory seem to be CODE = 403.
    (Use mode '-w' if you want to scan it anyway)
(!) WARNING: All responses for this directory seem to be CODE = 403.
    (Use mode '-w' if you want to scan it anyway)
(!) WARNING: All responses for this directory seem to be CODE = 403.
    (Use mode '-w' if you want to scan it anyway)
(!) WARNING: All responses for this directory seem to be CODE = 403.
    (Use mode '-w' if you want to scan it anyway)
(!) WARNING: All responses for this directory seem to be CODE = 403.
    (Use mode '-w' if you want to scan it anyway)
(!) WARNING: All responses for this directory seem to be CODE = 403.
    (Use mode '-w' if you want to scan it anyway)
(!) WARNING: All responses for this directory seem to be CODE = 403.
    (Use mode '-w' if you want to scan it anyway)
(!) WARNING: All responses for this directory seem to be CODE = 403.
    (Use mode '-w' if you want to scan it anyway)
(!) WARNING: All responses for this directory seem to be CODE = 403.
    (Use mode '-w' if you want to scan it anyway)
(!) WARNING: All responses for this directory seem to be CODE = 403.
    (Use mode '-w' if you want to scan it anyway)
(!) WARNING: All responses for this directory seem to be CODE = 403.
    (Use mode '-w' if you want to scan it anyway)
(!) WARNING: All responses for this directory seem to be CODE = 403.
    (Use mode '-w' if you want to scan it anyway)
(!) WARNING: All responses for this directory seem to be CODE = 403.
    (Use mode '-w' if you want to scan it anyway)
(!) WARNING: All responses for this directory seem to be CODE = 403.
    (Use mode '-w' if you want to scan it anyway)
(!) WARNING: All responses for this directory seem to be CODE = 403.
    (Use mode '-w' if you want to scan it anyway)
(!) WARNING: All responses for this directory seem to be CODE = 403.
    (Use mode '-w' if you want to scan it anyway)
(!) WARNING: All responses for this directory seem to be CODE = 403.
    (Use mode '-w' if you want to scan it anyway)
(!) WARNING: All responses for this directory seem to be CODE = 403.
    (Use mode '-w' if you want to scan it anyway)
(!) WARNING: All responses for this directory seem to be CODE = 403.
    (Use mode '-w' if you want to scan it anyway)
(!) WARNING: All responses for this directory seem to be CODE = 403.
    (Use mode '-w' if you want to scan it anyway)
(!) WARNING: All responses for this directory seem to be CODE = 403.
    (Use mode '-w' if you want to scan it anyway)
(!) WARNING: All responses for this directory seem to be CODE = 403.
    (Use mode '-w' if you want to scan it anyway)
(!) WARNING: All responses for this directory seem to be CODE = 403.
    (Use mode '-w' if you want to scan it anyway)
(!) WARNING: All responses for this directory seem to be CODE = 403.
    (Use mode '-w' if you want to scan it anyway)
(!) WARNING: All responses for this directory seem to be CODE = 403.
    (Use mode '-w' if you want to scan it anyway)
(!) WARNING: All responses for this directory seem to be CODE = 403.
    (Use mode '-w' if you want to scan it anyway)
(!) WARNING: All responses for this directory seem to be CODE = 403.
    (Use mode '-w' if you want to scan it anyway)
(!) WARNING: All responses for this directory seem to be CODE = 403.
    (Use mode '-w' if you want to scan it anyway)
(!) WARNING: All responses for this directory seem to be CODE = 403.
    (Use mode '-w' if you want to scan it anyway)
(!) WARNING: All responses for this directory seem to be CODE = 403.
    (Use mode '-w' if you want to scan it anyway)
(!) WARNING: All responses for this directory seem to be CODE = 403.
    (Use mode '-w' if you want to scan it anyway)
(!) WARNING: All responses for this directory seem to be CODE = 403.
    (Use mode '-w' if you want to scan it anyway)
(!) WARNING: All responses for this directory seem to be CODE = 403.
    (Use mode '-w' if you want to scan it anyway)
(!) WARNING: All responses for this directory seem to be CODE = 403.
    (Use mode '-w' if you want to scan it anyway)
(!) WARNING: All responses for this directory seem to be CODE = 403.
    (Use mode '-w' if you want to scan it anyway)
(!) WARNING: All responses for this directory seem to be CODE = 403.
    (Use mode '-w' if you want to scan it anyway)
(!) WARNING: All responses for this directory seem to be CODE = 403.
    (Use mode '-w' if you want to scan it anyway)
(!) WARNING: All responses for this directory seem to be CODE = 403.
    (Use mode '-w' if you want to scan it anyway)
(!) WARNING: All responses for this directory seem to be CODE = 403.
    (Use mode '-w' if you want to scan it anyway)
(!) WARNING: All responses for this directory seem to be CODE = 403.
    (Use mode '-w' if you want to scan it anyway)
(!) WARNING: All responses for this directory seem to be CODE = 403.
    (Use mode '-w' if you want to scan it anyway)
(!) WARNING: All responses for this directory seem to be CODE = 403.
    (Use mode '-w' if you want to scan it anyway)
(!) WARNING: All responses for this directory seem to be CODE = 403.
    (Use mode '-w' if you want to scan it anyway)
(!) WARNING: All responses for this directory seem to be CODE = 403.
    (Use mode '-w' if you want to scan it anyway)
(!) WARNING: All responses for this directory seem to be CODE = 403.
    (Use mode '-w' if you want to scan it anyway)
(!) WARNING: All responses for this directory seem to be CODE = 403.
    (Use mode '-w' if you want to scan it anyway)
(!) WARNING: All responses for this directory seem to be CODE = 403.
    (Use mode '-w' if you want to scan it anyway)
(!) WARNING: All responses for this directory seem to be CODE = 403.
    (Use mode '-w' if you want to scan it anyway)
(!) WARNING: All responses for this directory seem to be CODE = 403.
    (Use mode '-w' if you want to scan it anyway)
(!) WARNING: All responses for this directory seem to be CODE = 403.
    (Use mode '-w' if you want to scan it anyway)
(!) WARNING: All responses for this directory seem to be CODE = 403.
    (Use mode '-w' if you want to scan it anyway)
(!) WARNING: All responses for this directory seem to be CODE = 403.
    (Use mode '-w' if you want to scan it anyway)
(!) WARNING: All responses for this directory seem to be CODE = 403.
    (Use mode '-w' if you want to scan it anyway)
(!) WARNING: All responses for this directory seem to be CODE = 403.
    (Use mode '-w' if you want to scan it anyway)
(!) WARNING: All responses for this directory seem to be CODE = 403.
    (Use mode '-w' if you want to scan it anyway)
(!) WARNING: All responses for this directory seem to be CODE = 403.
    (Use mode '-w' if you want to scan it anyway)
(!) WARNING: All responses for this directory seem to be CODE = 403.
    (Use mode '-w' if you want to scan it anyway)
(!) WARNING: All responses for this directory seem to be CODE = 403.
    (Use mode '-w' if you want to scan it anyway)
(!) WARNING: All responses for this directory seem to be CODE = 403.
    (Use mode '-w' if you want to scan it anyway)
(!) WARNING: All responses for this directory seem to be CODE = 403.
    (Use mode '-w' if you want to scan it anyway)
(!) WARNING: All responses for this directory seem to be CODE = 403.
    (Use mode '-w' if you want to scan it anyway)
(!) WARNING: All responses for this directory seem to be CODE = 403.
    (Use mode '-w' if you want to scan it anyway)
(!) WARNING: All responses for this directory seem to be CODE = 403.
    (Use mode '-w' if you want to scan it anyway)
(!) WARNING: All responses for this directory seem to be CODE = 403.
    (Use mode '-w' if you want to scan it anyway)
(!) WARNING: All responses for this directory seem to be CODE = 403.
    (Use mode '-w' if you want to scan it anyway)
(!) WARNING: All responses for this directory seem to be CODE = 403.
    (Use mode '-w' if you want to scan it anyway)
(!) WARNING: All responses for this directory seem to be CODE = 403.
    (Use mode '-w' if you want to scan it anyway)
(!) WARNING: All responses for this directory seem to be CODE = 403.
    (Use mode '-w' if you want to scan it anyway)
(!) WARNING: All responses for this directory seem to be CODE = 403.
    (Use mode '-w' if you want to scan it anyway)
(!) WARNING: All responses for this directory seem to be CODE = 403.
    (Use mode '-w' if you want to scan it anyway)
(!) WARNING: All responses for this directory seem to be CODE = 403.
    (Use mode '-w' if you want to scan it anyway)
(!) WARNING: All responses for this directory seem to be CODE = 403.
    (Use mode '-w' if you want to scan it anyway)
(!) WARNING: All responses for this directory seem to be CODE = 403.
    (Use mode '-w' if you want to scan it anyway)
(!) WARNING: All responses for this directory seem to be CODE = 403.
    (Use mode '-w' if you want to scan it anyway)
(!) WARNING: All responses for this directory seem to be CODE = 403.
    (Use mode '-w' if you want to scan it anyway)
(!) WARNING: All responses for this directory seem to be CODE = 403.
    (Use mode '-w' if you want to scan it anyway)
(!) WARNING: All responses for this directory seem to be CODE = 403.
    (Use mode '-w' if you want to scan it anyway)
(!) WARNING: All responses for this directory seem to be CODE = 403.
    (Use mode '-w' if you want to scan it anyway)
(!) WARNING: All responses for this directory seem to be CODE = 403.
    (Use mode '-w' if you want to scan it anyway)
(!) WARNING: All responses for this directory seem to be CODE = 403.
    (Use mode '-w' if you want to scan it anyway)
(!) WARNING: All responses for this directory seem to be CODE = 403.
    (Use mode '-w' if you want to scan it anyway)
(!) WARNING: All responses for this directory seem to be CODE = 403.
    (Use mode '-w' if you want to scan it anyway)
(!) WARNING: All responses for this directory seem to be CODE = 403.
    (Use mode '-w' if you want to scan it anyway)
(!) WARNING: All responses for this directory seem to be CODE = 403.
    (Use mode '-w' if you want to scan it anyway)
(!) WARNING: All responses for this directory seem to be CODE = 403.
    (Use mode '-w' if you want to scan it anyway)
(!) WARNING: All responses for this directory seem to be CODE = 403.
    (Use mode '-w' if you want to scan it anyway)
(!) WARNING: All responses for this directory seem to be CODE = 403.
    (Use mode '-w' if you want to scan it anyway)
(!) WARNING: All responses for this directory seem to be CODE = 403.
    (Use mode '-w' if you want to scan it anyway)
(!) WARNING: All responses for this directory seem to be CODE = 403.
    (Use mode '-w' if you want to scan it anyway)
(!) WARNING: All responses for this directory seem to be CODE = 403.
    (Use mode '-w' if you want to scan it anyway)
(!) WARNING: All responses for this directory seem to be CODE = 403.
    (Use mode '-w' if you want to scan it anyway)
(!) WARNING: All responses for this directory seem to be CODE = 403.
    (Use mode '-w' if you want to scan it anyway)
(!) WARNING: All responses for this directory seem to be CODE = 403.
    (Use mode '-w' if you want to scan it anyway)
(!) WARNING: All responses for this directory seem to be CODE = 403.
    (Use mode '-w' if you want to scan it anyway)
(!) WARNING: All responses for this directory seem to be CODE = 403.
    (Use mode '-w' if you want to scan it anyway)
(!) WARNING: All responses for this directory seem to be CODE = 403.
    (Use mode '-w' if you want to scan it anyway)
(!) WARNING: All responses for this directory seem to be CODE = 403.
    (Use mode '-w' if you want to scan it anyway)
(!) WARNING: All responses for this directory seem to be CODE = 403.
    (Use mode '-w' if you want to scan it anyway)
(!) WARNING: All responses for this directory seem to be CODE = 403.
    (Use mode '-w' if you want to scan it anyway)
(!) WARNING: All responses for this directory seem to be CODE = 403.
    (Use mode '-w' if you want to scan it anyway)
(!) WARNING: All responses for this directory seem to be CODE = 403.
    (Use mode '-w' if you want to scan it anyway)
(!) WARNING: All responses for this directory seem to be CODE = 403.
    (Use mode '-w' if you want to scan it anyway)
(!) WARNING: All responses for this directory seem to be CODE = 403.
    (Use mode '-w' if you want to scan it anyway)
(!) WARNING: All responses for this directory seem to be CODE = 403.
    (Use mode '-w' if you want to scan it anyway)
(!) WARNING: All responses for this directory seem to be CODE = 403.
    (Use mode '-w' if you want to scan it anyway)
(!) WARNING: All responses for this directory seem to be CODE = 403.
    (Use mode '-w' if you want to scan it anyway)
(!) WARNING: All responses for this directory seem to be CODE = 403.
    (Use mode '-w' if you want to scan it anyway)
(!) WARNING: All responses for this directory seem to be CODE = 403.
    (Use mode '-w' if you want to scan it anyway)
(!) WARNING: All responses for this directory seem to be CODE = 403.
    (Use mode '-w' if you want to scan it anyway)
(!) WARNING: All responses for this directory seem to be CODE = 403.
    (Use mode '-w' if you want to scan it anyway)
(!) WARNING: All responses for this directory seem to be CODE = 403.
    (Use mode '-w' if you want to scan it anyway)
(!) WARNING: All responses for this directory seem to be CODE = 403.
    (Use mode '-w' if you want to scan it anyway)
(!) WARNING: All responses for this directory seem to be CODE = 403.
    (Use mode '-w' if you want to scan it anyway)
(!) WARNING: All responses for this directory seem to be CODE = 403.
    (Use mode '-w' if you want to scan it anyway)
(!) WARNING: All responses for this directory seem to be CODE = 403.
    (Use mode '-w' if you want to scan it anyway)
(!) WARNING: All responses for this directory seem to be CODE = 403.
    (Use mode '-w' if you want to scan it anyway)
(!) WARNING: All responses for this directory seem to be CODE = 403.
    (Use mode '-w' if you want to scan it anyway)
(!) WARNING: All responses for this directory seem to be CODE = 403.
    (Use mode '-w' if you want to scan it anyway)
(!) WARNING: All responses for this directory seem to be CODE = 403.
    (Use mode '-w' if you want to scan it anyway)
(!) WARNING: All responses for this directory seem to be CODE = 403.
    (Use mode '-w' if you want to scan it anyway)
(!) WARNING: All responses for this directory seem to be CODE = 403.
    (Use mode '-w' if you want to scan it anyway)
(!) WARNING: All responses for this directory seem to be CODE = 403.
    (Use mode '-w' if you want to scan it anyway)
(!) WARNING: All responses for this directory seem to be CODE = 403.
    (Use mode '-w' if you want to scan it anyway)
(!) WARNING: All responses for this directory seem to be CODE = 403.
    (Use mode '-w' if you want to scan it anyway)
(!) WARNING: All responses for this directory seem to be CODE = 403.
    (Use mode '-w' if you want to scan it anyway)
(!) WARNING: All responses for this directory seem to be CODE = 403.
    (Use mode '-w' if you want to scan it anyway)
(!) WARNING: All responses for this directory seem to be CODE = 403.
    (Use mode '-w' if you want to scan it anyway)
(!) WARNING: All responses for this directory seem to be CODE = 403.
    (Use mode '-w' if you want to scan it anyway)
(!) WARNING: All responses for this directory seem to be CODE = 403.
    (Use mode '-w' if you want to scan it anyway)
(!) WARNING: All responses for this directory seem to be CODE = 403.
    (Use mode '-w' if you want to scan it anyway)
(!) WARNING: All responses for this directory seem to be CODE = 403.
    (Use mode '-w' if you want to scan it anyway)
(!) WARNING: All responses for this directory seem to be CODE = 403.
    (Use mode '-w' if you want to scan it anyway)
(!) WARNING: All responses for this directory seem to be CODE = 403.
    (Use mode '-w' if you want to scan it anyway)
(!) WARNING: All responses for this directory seem to be CODE = 403.
    (Use mode '-w' if you want to scan it anyway)
(!) WARNING: All responses for this directory seem to be CODE = 403.
    (Use mode '-w' if you want to scan it anyway)
(!) WARNING: All responses for this directory seem to be CODE = 403.
    (Use mode '-w' if you want to scan it anyway)
(!) WARNING: All responses for this directory seem to be CODE = 403.
    (Use mode '-w' if you want to scan it anyway)
(!) WARNING: All responses for this directory seem to be CODE = 403.
    (Use mode '-w' if you want to scan it anyway)
(!) WARNING: All responses for this directory seem to be CODE = 403.
    (Use mode '-w' if you want to scan it anyway)
(!) WARNING: All responses for this directory seem to be CODE = 403.
    (Use mode '-w' if you want to scan it anyway)
(!) WARNING: All responses for this directory seem to be CODE = 403.
    (Use mode '-w' if you want to scan it anyway)
(!) WARNING: All responses for this directory seem to be CODE = 403.
    (Use mode '-w' if you want to scan it anyway)
(!) WARNING: All responses for this directory seem to be CODE = 403.
    (Use mode '-w' if you want to scan it anyway)
(!) WARNING: All responses for this directory seem to be CODE = 403.
    (Use mode '-w' if you want to scan it anyway)
(!) WARNING: All responses for this directory seem to be CODE = 403.
    (Use mode '-w' if you want to scan it anyway)
(!) WARNING: All responses for this directory seem to be CODE = 403.
    (Use mode '-w' if you want to scan it anyway)
(!) WARNING: All responses for this directory seem to be CODE = 403.
    (Use mode '-w' if you want to scan it anyway)
(!) WARNING: All responses for this directory seem to be CODE = 403.
    (Use mode '-w' if you want to scan it anyway)
(!) WARNING: All responses for this directory seem to be CODE = 403.
    (Use mode '-w' if you want to scan it anyway)
(!) WARNING: All responses for this directory seem to be CODE = 403.
    (Use mode '-w' if you want to scan it anyway)
(!) WARNING: All responses for this directory seem to be CODE = 403.
    (Use mode '-w' if you want to scan it anyway)
(!) WARNING: All responses for this directory seem to be CODE = 403.
    (Use mode '-w' if you want to scan it anyway)
(!) WARNING: All responses for this directory seem to be CODE = 403.
    (Use mode '-w' if you want to scan it anyway)
(!) WARNING: All responses for this directory seem to be CODE = 403.
    (Use mode '-w' if you want to scan it anyway)
(!) WARNING: All responses for this directory seem to be CODE = 403.
    (Use mode '-w' if you want to scan it anyway)
(!) WARNING: All responses for this directory seem to be CODE = 403.
    (Use mode '-w' if you want to scan it anyway)
(!) WARNING: All responses for this directory seem to be CODE = 403.
    (Use mode '-w' if you want to scan it anyway)
(!) WARNING: All responses for this directory seem to be CODE = 403.
    (Use mode '-w' if you want to scan it anyway)
(!) WARNING: All responses for this directory seem to be CODE = 403.
    (Use mode '-w' if you want to scan it anyway)
(!) WARNING: All responses for this directory seem to be CODE = 403.
    (Use mode '-w' if you want to scan it anyway)
(!) WARNING: All responses for this directory seem to be CODE = 403.
    (Use mode '-w' if you want to scan it anyway)
(!) WARNING: All responses for this directory seem to be CODE = 403.
    (Use mode '-w' if you want to scan it anyway)
(!) WARNING: All responses for this directory seem to be CODE = 403.
    (Use mode '-w' if you want to scan it anyway)
(!) WARNING: All responses for this directory seem to be CODE = 403.
    (Use mode '-w' if you want to scan it anyway)
(!) WARNING: All responses for this directory seem to be CODE = 403.
    (Use mode '-w' if you want to scan it anyway)
(!) WARNING: All responses for this directory seem to be CODE = 403.
    (Use mode '-w' if you want to scan it anyway)
(!) WARNING: All responses for this directory seem to be CODE = 403.
    (Use mode '-w' if you want to scan it anyway)
(!) WARNING: All responses for this directory seem to be CODE = 403.
    (Use mode '-w' if you want to scan it anyway)

(!) FATAL: Too many errors connecting to host
    (Possible cause: OPERATION TIMEOUT)

-----------------
END_TIME: Wed Feb 14 19:11:26 2018
DOWNLOADED: 26215 - FOUND: 0
