
-----------------
DIRB v2.22    
By The Dark Raver
-----------------

OUTPUT_FILE: dirb.txt.output
START_TIME: Tue Feb  6 13:25:29 2018
URL_BASE: http://10.10.10.73/
WORDLIST_FILES: /usr/share/dirb/wordlists/common.txt
EXTENSIONS_LIST: (.txt) | (.txt) [NUM = 1]

-----------------

GENERATED WORDS: 4612

---- Scanning URL: http://10.10.10.73/ ----
+ http://10.10.10.73/robots.txt (CODE:200|SIZE:30)

-----------------
END_TIME: Tue Feb  6 13:27:49 2018
DOWNLOADED: 4612 - FOUND: 1

-----------------
DIRB v2.22    
By The Dark Raver
-----------------

OUTPUT_FILE: dirb.txt.output
START_TIME: Tue Feb  6 13:39:39 2018
URL_BASE: http://10.10.10.73/
WORDLIST_FILES: /usr/share/dirb/wordlists/common.txt
EXTENSIONS_LIST: (.txt) | (.txt) [NUM = 1]

-----------------

GENERATED WORDS: 4612

---- Scanning URL: http://10.10.10.73/ ----
+ http://10.10.10.73/robots.txt (CODE:200|SIZE:30)

-----------------
END_TIME: Tue Feb  6 13:41:42 2018
DOWNLOADED: 4612 - FOUND: 1
